<?xml version="1.0" encoding="UTF-8"?>
<!-- Generated by org.testng.reporters.JUnitReportReporter -->
<testsuite hostname="LAPTOP-3R60UDHI" failures="0" tests="2" name="dragAndDrop.DragAndDropTests" time="3.081" errors="0" timestamp="2025-06-29T05:57:15 EEST" skipped="0">
  <testcase classname="dragAndDrop.DragAndDropTests" name="testDragAndDropAToB" time="0.709"/>
  <testcase classname="dragAndDrop.DragAndDropTests" name="testDragAndDropBToA" time="2.372"/>
</testsuite> <!-- dragAndDrop.DragAndDropTests -->
