<?xml version="1.0" encoding="UTF-8"?>
<!-- Generated by org.testng.reporters.JUnitReportReporter -->
<testsuite hostname="LAPTOP-3R60UDHI" failures="0" tests="4" name="statusCodeTest.StatusCodeTests" time="6.047" errors="0" timestamp="2025-06-29T05:57:15 EEST" skipped="0">
  <testcase classname="statusCodeTest.StatusCodeTests" name="testStatusCode500" time="4.028"/>
  <testcase classname="statusCodeTest.StatusCodeTests" name="testStatusCode200" time="0.719"/>
  <testcase classname="statusCodeTest.StatusCodeTests" name="testStatusCode301" time="0.663"/>
  <testcase classname="statusCodeTest.StatusCodeTests" name="testStatusCode404" time="0.637"/>
</testsuite> <!-- statusCodeTest.StatusCodeTests -->
