<?xml version="1.0" encoding="UTF-8"?>
<!-- Generated by org.testng.reporters.JUnitReportReporter -->
<testsuite hostname="LAPTOP-3R60UDHI" failures="0" tests="2" name="wait.DynamicLoadingTests" time="13.532" errors="0" timestamp="2025-06-29T05:57:15 EEST" skipped="0">
  <testcase classname="wait.DynamicLoadingTests" name="testExampleTwo" time="6.027"/>
  <testcase classname="wait.DynamicLoadingTests" name="testExampleOne" time="7.505"/>
</testsuite> <!-- wait.DynamicLoadingTests -->
