<?xml version="1.0" encoding="UTF-8"?>
<!-- Generated by org.testng.reporters.JUnitReportReporter -->
<testsuite hostname="LAPTOP-3R60UDHI" failures="0" tests="4" name="alerts.AlertsTests" time="4.002" errors="0" timestamp="2025-06-29T05:57:15 EEST" skipped="0">
  <testcase classname="alerts.AlertsTests" name="testSendYesAlertByButton3" time="0.486"/>
  <testcase classname="alerts.AlertsTests" name="testAcceptAlertByButton1" time="0.521"/>
  <testcase classname="alerts.AlertsTests" name="testDismissAlertByButton2" time="0.506"/>
  <testcase classname="alerts.AlertsTests" name="testAcceptAlertByButton2" time="2.489"/>
</testsuite> <!-- alerts.AlertsTests -->
