<?xml version="1.0" encoding="UTF-8"?>
<!-- Generated by org.testng.reporters.JUnitReportReporter -->
<testsuite hostname="LAPTOP-3R60UDHI" failures="0" tests="2" name="checkBoxTest.CheckBoxTests" time="2.692" errors="0" timestamp="2025-06-29T05:57:15 EEST" skipped="0">
  <testcase classname="checkBoxTest.CheckBoxTests" name="testCheckBoxTow" time="2.117"/>
  <testcase classname="checkBoxTest.CheckBoxTests" name="testCheckBoxOne" time="0.575"/>
</testsuite> <!-- checkBoxTest.CheckBoxTests -->
