<?xml version="1.0" encoding="UTF-8"?>
<!-- Generated by org.testng.reporters.JUnitReportReporter -->
<testsuite hostname="LAPTOP-3R60UDHI" failures="0" tests="3" name="Login.LoginTests" time="5.312" errors="0" timestamp="2025-06-29T05:57:15 EEST" skipped="0">
  <testcase classname="Login.LoginTests" name="testvalidUsernameandPassword" time="2.834"/>
  <testcase classname="Login.LoginTests" name="testInvalidPassword" time="1.316"/>
  <testcase classname="Login.LoginTests" name="testInvalidUsername" time="1.162"/>
</testsuite> <!-- Login.LoginTests -->
