<?xml version="1.0" encoding="UTF-8"?>
<!-- Generated by org.testng.reporters.JUnitReportReporter -->
<testsuite hostname="LAPTOP-3R60UDHI" failures="0" tests="2" name="fileUploadTest.FileUploadTests" time="3.534" errors="0" timestamp="2025-06-29T05:57:15 EEST" skipped="0">
  <testcase classname="fileUploadTest.FileUploadTests" name="testUploadFileFail" time="0.660"/>
  <testcase classname="fileUploadTest.FileUploadTests" name="testUploadFile" time="2.874"/>
</testsuite> <!-- fileUploadTest.FileUploadTests -->
