<?xml version="1.0" encoding="UTF-8"?>
<!-- Generated by org.testng.reporters.JUnitReportReporter -->
<testsuite hostname="LAPTOP-3R60UDHI" failures="0" tests="1" name="hovers.HoversTests" time="2.406" errors="0" timestamp="2025-06-29T05:57:15 EEST" skipped="0">
  <testcase classname="hovers.HoversTests" name="testUserData" time="2.406"/>
</testsuite> <!-- hovers.HoversTests -->
