<?xml version="1.0" encoding="UTF-8"?>
<!-- Generated by org.testng.reporters.JUnitReportReporter -->
<testsuite hostname="LAPTOP-3R60UDHI" failures="0" tests="3" name="dropDown.DropDownTests" time="3.256" errors="0" timestamp="2025-06-29T05:57:15 EEST" skipped="0">
  <testcase classname="dropDown.DropDownTests" name="testSelectOptionOneByValue" time="2.235"/>
  <testcase classname="dropDown.DropDownTests" name="testSelectOptionOneByIndex" time="0.544"/>
  <testcase classname="dropDown.DropDownTests" name="testSelectOptionOneByVisibleText" time="0.477"/>
</testsuite> <!-- dropDown.DropDownTests -->
