<?xml version="1.0" encoding="UTF-8"?>
<!-- Generated by org.testng.reporters.JUnitReportReporter -->
<testsuite hostname="LAPTOP-3R60UDHI" failures="0" tests="2" name="forGetPassword.ForgetPasswordTest" time="3.290" errors="0" timestamp="2025-06-29T05:57:15 EEST" skipped="0">
  <testcase classname="forGetPassword.ForgetPasswordTest" name="testForgetPasswordWithoutData" time="2.350"/>
  <testcase classname="forGetPassword.ForgetPasswordTest" name="testForgetPasswordWithData" time="0.940"/>
</testsuite> <!-- forGetPassword.ForgetPasswordTest -->
